Using pre-set license
Built from '2020.3/staging' branch; Version is '2020.3.17f1 (a4537701e4ab) revision 10769271'; Using compiler version '192528614'; Build Type 'Release'
OS: 'Windows 10 Pro; OS build 19042.1466; Version 2009; 64bit' Language: 'es' Physical Memory: 16315 MB
BatchMode: 1, IsHumanControllingUs: 0, StartBugReporterOnCrash: 0, Is64bit: 1, IsPro: 0

COMMAND LINE ARGUMENTS:
F:\Unity projects\2020.3.17f1\Editor\Unity.exe
-adb2
-batchMode
-noUpm
-name
AssetImportWorker0
-projectPath
C:/Users/ANA/Documents/UPB/Semestre 7/Simulacion/Clase 01 Vectores
-logFile
Logs/AssetImportWorker0.log
-srvPort
52673
Successfully changed project path to: C:/Users/ANA/Documents/UPB/Semestre 7/Simulacion/Clase 01 Vectores
C:/Users/ANA/Documents/UPB/Semestre 7/Simulacion/Clase 01 Vectores
Using Asset Import Pipeline V2.
Refreshing native plugins compatible for Editor in 45.58 ms, found 2 plugins.
Preloading 0 native plugins for Editor in 0.00 ms.
Initialize engine version: 2020.3.17f1 (a4537701e4ab)
[Subsystems] Discovering subsystems at path F:/Unity projects/2020.3.17f1/Editor/Data/Resources/UnitySubsystems
[Subsystems] Discovering subsystems at path C:/Users/ANA/Documents/UPB/Semestre 7/Simulacion/Clase 01 Vectores/Assets
GfxDevice: creating device client; threaded=0
Direct3D:
    Version:  Direct3D 11.0 [level 11.1]
    Renderer: NVIDIA GeForce RTX 3070 Ti (ID=0x2482)
    Vendor:   
    VRAM:     8041 MB
    Driver:   30.0.14.7196
Initialize mono
Mono path[0] = 'F:/Unity projects/2020.3.17f1/Editor/Data/Managed'
Mono path[1] = 'F:/Unity projects/2020.3.17f1/Editor/Data/MonoBleedingEdge/lib/mono/unityjit'
Mono config path = 'F:/Unity projects/2020.3.17f1/Editor/Data/MonoBleedingEdge/etc'
Using monoOptions --debugger-agent=transport=dt_socket,embedding=1,server=y,suspend=n,address=127.0.0.1:56988
Begin MonoManager ReloadAssembly
Registering precompiled unity dll's ...
Register platform support module: F:/Unity projects/2020.3.17f1/Editor/Data/PlaybackEngines/WindowsStandaloneSupport/UnityEditor.WindowsStandalone.Extensions.dll
Registered in 0.001972 seconds.
Native extension for WindowsStandalone target not found
Refreshing native plugins compatible for Editor in 37.94 ms, found 2 plugins.
Preloading 0 native plugins for Editor in 0.00 ms.
Mono: successfully reloaded assembly
- Completed reload, in  1.728 seconds
Domain Reload Profiling:
	ReloadAssembly (1728ms)
		BeginReloadAssembly (97ms)
			ExecutionOrderSort (0ms)
			DisableScriptedObjects (0ms)
			BackupInstance (0ms)
			ReleaseScriptingObjects (0ms)
			CreateAndSetChildDomain (1ms)
		EndReloadAssembly (553ms)
			LoadAssemblies (97ms)
			RebuildTransferFunctionScriptingTraits (0ms)
			SetupTypeCache (206ms)
			ReleaseScriptCaches (0ms)
			RebuildScriptCaches (40ms)
			SetupLoadedEditorAssemblies (211ms)
				LogAssemblyErrors (0ms)
				InitializePlatformSupportModulesInManaged (5ms)
				SetLoadedEditorAssemblies (0ms)
				RefreshPlugins (38ms)
				BeforeProcessingInitializeOnLoad (22ms)
				ProcessInitializeOnLoadAttributes (105ms)
				ProcessInitializeOnLoadMethodAttributes (40ms)
				AfterProcessingInitializeOnLoad (0ms)
				EditorAssembliesLoaded (0ms)
			ExecutionOrderSort2 (0ms)
			AwakeInstancesAfterBackupRestoration (0ms)
Platform modules already initialized, skipping
Registering precompiled user dll's ...
Registered in 0.007134 seconds.
Begin MonoManager ReloadAssembly
Native extension for WindowsStandalone target not found
Refreshing native plugins compatible for Editor in 0.43 ms, found 2 plugins.
Preloading 0 native plugins for Editor in 0.00 ms.
Mono: successfully reloaded assembly
- Completed reload, in  1.491 seconds
Domain Reload Profiling:
	ReloadAssembly (1492ms)
		BeginReloadAssembly (221ms)
			ExecutionOrderSort (0ms)
			DisableScriptedObjects (6ms)
			BackupInstance (0ms)
			ReleaseScriptingObjects (0ms)
			CreateAndSetChildDomain (24ms)
		EndReloadAssembly (1188ms)
			LoadAssemblies (143ms)
			RebuildTransferFunctionScriptingTraits (0ms)
			SetupTypeCache (380ms)
			ReleaseScriptCaches (1ms)
			RebuildScriptCaches (55ms)
			SetupLoadedEditorAssemblies (510ms)
				LogAssemblyErrors (0ms)
				InitializePlatformSupportModulesInManaged (6ms)
				SetLoadedEditorAssemblies (1ms)
				RefreshPlugins (1ms)
				BeforeProcessingInitializeOnLoad (104ms)
				ProcessInitializeOnLoadAttributes (388ms)
				ProcessInitializeOnLoadMethodAttributes (6ms)
				AfterProcessingInitializeOnLoad (4ms)
				EditorAssembliesLoaded (0ms)
			ExecutionOrderSort2 (0ms)
			AwakeInstancesAfterBackupRestoration (10ms)
Platform modules already initialized, skipping
========================================================================
Worker process is ready to serve import requests
Launched and connected shader compiler UnityShaderCompiler.exe after 0.10 seconds
Refreshing native plugins compatible for Editor in 0.41 ms, found 2 plugins.
Preloading 0 native plugins for Editor in 0.00 ms.
Unloading 1399 Unused Serialized files (Serialized files now loaded: 0)
System memory in use before: 64.8 MB.
System memory in use after: 64.9 MB.

Unloading 18 unused Assets to reduce memory usage. Loaded Objects now: 1832.
Total: 3.771400 ms (FindLiveObjects: 0.221800 ms CreateObjectMapping: 0.044400 ms MarkObjects: 3.422400 ms  DeleteObjects: 0.080900 ms)

AssetImportParameters requested are different than current active one (requested -> active):
  custom:framework-win-MediaFoundation: 216162199b28c13a410421893ffa2e32 -> 
  custom:video-decoder-ogg-theora: a1e56fd34408186e4bbccfd4996cb3dc -> 
  custom:container-muxer-webm: aa71ff27fc2769a1b78a27578f13a17b -> 
  custom:container-demuxer-webm: 4f35f7cbe854078d1ac9338744f61a02 -> 
  custom:container-demuxer-ogg: 62fdf1f143b41e24485cea50d1cbac27 -> 
  custom:video-encoder-webm-vp8: eb34c28f22e8b96e1ab97ce403110664 -> 
  custom:video-decoder-webm-vp8: 9c59270c3fd7afecdb556c50c9e8de78 -> 
  custom:audio-decoder-ogg-vorbis: bf7c407c2cedff20999df2af8eb42d56 -> 
  custom:audio-encoder-webm-vorbis: bf7c407c2cedff20999df2af8eb42d56 -> 
========================================================================
Received Import Request.
  path: Assets/Script/vector.cs
  artifactKey: Guid(4696417157d6d6f4ab2a897156116417) Importer(815301076,1909f56bfc062723c751e8b465ee728b)
Start importing Assets/Script/vector.cs using Guid(4696417157d6d6f4ab2a897156116417) Importer(815301076,1909f56bfc062723c751e8b465ee728b)  -> (artifact id: '5bd956d22f13a1705f695fc941f9849b') in 0.053105 seconds 
  Import took 0.056805 seconds .

========================================================================
Received Import Request.
  Time since last request: 70.672973 seconds.
  path: Assets/Script/vector.cs
  artifactKey: Guid(4696417157d6d6f4ab2a897156116417) Importer(815301076,1909f56bfc062723c751e8b465ee728b)
Start importing Assets/Script/vector.cs using Guid(4696417157d6d6f4ab2a897156116417) Importer(815301076,1909f56bfc062723c751e8b465ee728b)  -> (artifact id: 'a446028d0a01f3de45e5d6b51f61eb80') in 0.005913 seconds 
  Import took 0.010029 seconds .

========================================================================
Received Import Request.
  Time since last request: 964.201044 seconds.
  path: Assets/Script/vector.cs
  artifactKey: Guid(4696417157d6d6f4ab2a897156116417) Importer(815301076,1909f56bfc062723c751e8b465ee728b)
Start importing Assets/Script/vector.cs using Guid(4696417157d6d6f4ab2a897156116417) Importer(815301076,1909f56bfc062723c751e8b465ee728b)  -> (artifact id: 'e2dd34a8aae4b6ac114e61cca3a718ce') in 0.010751 seconds 
  Import took 0.021350 seconds .

========================================================================
Received Import Request.
  Time since last request: 0.003350 seconds.
  path: Assets/Script/vector.cs
  artifactKey: Guid(4696417157d6d6f4ab2a897156116417) Importer(815301076,1909f56bfc062723c751e8b465ee728b)
Start importing Assets/Script/vector.cs using Guid(4696417157d6d6f4ab2a897156116417) Importer(815301076,1909f56bfc062723c751e8b465ee728b)  -> (artifact id: 'e2dd34a8aae4b6ac114e61cca3a718ce') in 0.004326 seconds 
  Import took 0.008342 seconds .

========================================================================
Received Import Request.
  Time since last request: 443.995600 seconds.
  path: Assets/Script/vector.cs
  artifactKey: Guid(4696417157d6d6f4ab2a897156116417) Importer(815301076,1909f56bfc062723c751e8b465ee728b)
Start importing Assets/Script/vector.cs using Guid(4696417157d6d6f4ab2a897156116417) Importer(815301076,1909f56bfc062723c751e8b465ee728b)  -> (artifact id: '9965bb06840471b119db645202c2372b') in 0.006158 seconds 
  Import took 0.011104 seconds .

========================================================================
Received Import Request.
  Time since last request: 88.575187 seconds.
  path: Assets/Script/vector.cs
  artifactKey: Guid(4696417157d6d6f4ab2a897156116417) Importer(815301076,1909f56bfc062723c751e8b465ee728b)
Start importing Assets/Script/vector.cs using Guid(4696417157d6d6f4ab2a897156116417) Importer(815301076,1909f56bfc062723c751e8b465ee728b)  -> (artifact id: '9e553e059efab020cc23eb21223f21a4') in 0.005754 seconds 
  Import took 0.009010 seconds .

========================================================================
Received Import Request.
  Time since last request: 512.738442 seconds.
  path: Assets/Script/vector.cs
  artifactKey: Guid(4696417157d6d6f4ab2a897156116417) Importer(815301076,1909f56bfc062723c751e8b465ee728b)
Start importing Assets/Script/vector.cs using Guid(4696417157d6d6f4ab2a897156116417) Importer(815301076,1909f56bfc062723c751e8b465ee728b)  -> (artifact id: 'd02c2852b8caf0b34c617a1576b9e349') in 0.004384 seconds 
  Import took 0.007796 seconds .

========================================================================
Received Import Request.
  Time since last request: 213.382281 seconds.
  path: Assets/Script/vector.cs
  artifactKey: Guid(4696417157d6d6f4ab2a897156116417) Importer(815301076,1909f56bfc062723c751e8b465ee728b)
Start importing Assets/Script/vector.cs using Guid(4696417157d6d6f4ab2a897156116417) Importer(815301076,1909f56bfc062723c751e8b465ee728b)  -> (artifact id: 'd6c8ee10c7696fc42cb1fd24b8a6650b') in 0.005622 seconds 
  Import took 0.010217 seconds .

AssetImportWorkerClient::OnTransportError - code=2 error=End of file
